2017-09-04T10:04:45.770473Z 0 [Warning] TIMESTAMP with implicit DEFAULT value is deprecated. Please use --explicit_defaults_for_timestamp server option (see documentation for more details).
2017-09-04T10:04:45.770567Z 0 [Warning] 'NO_AUTO_CREATE_USER' sql mode was not set.
2017-09-04T10:04:45.770695Z 0 [ERROR] Can't find error-message file '/user/share/mysql/errmsg.sys'. Check error-message file location and 'lc-messages-dir' configuration directive.
2017-09-04T10:04:47.340155Z 0 [Warning] InnoDB: New log files created, LSN=45790
2017-09-04T10:04:49.038103Z 0 [Warning] InnoDB: Creating foreign key constraint system tables.
2017-09-04T10:04:49.671485Z 0 [Warning] unknown variable 'loose-group_replication_group_name=aaaaaaaa-aaaa-aaaa-aaaa-aaaaaaaaaaaa'
2017-09-04T10:04:49.671526Z 0 [Warning] unknown variable 'loose-group_replication_local_address=172.22.0.7:3302'
2017-09-04T10:04:49.671535Z 0 [Warning] unknown variable 'loose-group_replication_group_seeds=172.22.0.6:3301,172.22.0.7:3302,172.22.0.8:3303'
2017-09-04T10:04:49.671542Z 0 [Warning] unknown variable 'loose-group_replication_start_on_boot=off'
2017-09-04T10:04:49.671548Z 0 [Warning] unknown variable 'loose-group_replication_bootstrap_group=off'
2017-09-04T10:04:49.671555Z 0 [Warning] unknown variable 'loose-group_replication_single_primary_mode=FALSE'
2017-09-04T10:04:49.671562Z 0 [Warning] unknown variable 'loose-group_replication_enforce_update_everywhere_checks=TRUE'
2017-09-04T10:04:50.064422Z 0 [Warning] No existing UUID has been found, so we assume that this is the first time that this server has been started. Generating a new UUID: 7d2260d8-9158-11e7-a684-0242ac160007.
2017-09-04T10:04:50.113800Z 0 [Warning] Gtid table is not ready to be used. Table 'mysql.gtid_executed' cannot be opened.
2017-09-04T10:04:50.122720Z 1 [Warning] root@localhost is created with an empty password ! Please consider switching off the --initialize-insecure option.
2017-09-04T10:05:10.679420Z 0 [Warning] TIMESTAMP with implicit DEFAULT value is deprecated. Please use --explicit_defaults_for_timestamp server option (see documentation for more details).
2017-09-04T10:05:10.679512Z 0 [Warning] 'NO_AUTO_CREATE_USER' sql mode was not set.
2017-09-04T10:05:10.681667Z 0 [Note] mysqld (mysqld 5.7.17-log) starting as process 1 ...
2017-09-04T10:05:10.681730Z 0 [ERROR] Can't find error-message file '/user/share/mysql/errmsg.sys'. Check error-message file location and 'lc-messages-dir' configuration directive.
2017-09-04T10:05:10.686514Z 0 [Note] InnoDB: PUNCH HOLE support available
2017-09-04T10:05:10.686562Z 0 [Note] InnoDB: Mutexes and rw_locks use GCC atomic builtins
2017-09-04T10:05:10.686573Z 0 [Note] InnoDB: Uses event mutexes
2017-09-04T10:05:10.686583Z 0 [Note] InnoDB: GCC builtin __atomic_thread_fence() is used for memory barrier
2017-09-04T10:05:10.686593Z 0 [Note] InnoDB: Compressed tables use zlib 1.2.3
2017-09-04T10:05:10.686602Z 0 [Note] InnoDB: Using Linux native AIO
2017-09-04T10:05:10.687096Z 0 [Note] InnoDB: Number of pools: 1
2017-09-04T10:05:10.687253Z 0 [Note] InnoDB: Using CPU crc32 instructions
2017-09-04T10:05:10.689984Z 0 [Note] InnoDB: Initializing buffer pool, total size = 128M, instances = 1, chunk size = 128M
2017-09-04T10:05:10.702627Z 0 [Note] InnoDB: Completed initialization of buffer pool
2017-09-04T10:05:10.705597Z 0 [Note] InnoDB: If the mysqld execution user is authorized, page cleaner thread priority can be changed. See the man page of setpriority().
2017-09-04T10:05:10.718843Z 0 [Note] InnoDB: Highest supported file format is Barracuda.
2017-09-04T10:05:10.739278Z 0 [Note] InnoDB: Creating shared tablespace for temporary tables
2017-09-04T10:05:10.739437Z 0 [Note] InnoDB: Setting file './ibtmp1' size to 12 MB. Physically writing the file full; Please wait ...
2017-09-04T10:05:10.914778Z 0 [Note] InnoDB: File './ibtmp1' size is now 12 MB.
2017-09-04T10:05:10.916422Z 0 [Note] InnoDB: 96 redo rollback segment(s) found. 96 redo rollback segment(s) are active.
2017-09-04T10:05:10.916464Z 0 [Note] InnoDB: 32 non-redo rollback segment(s) are active.
2017-09-04T10:05:10.917469Z 0 [Note] InnoDB: Waiting for purge to start
2017-09-04T10:05:10.967836Z 0 [Note] InnoDB: 5.7.17 started; log sequence number 2535301
2017-09-04T10:05:10.968296Z 0 [Note] InnoDB: Loading buffer pool(s) from /var/lib/mysql/ib_buffer_pool
2017-09-04T10:05:10.968676Z 0 [Note] Plugin 'FEDERATED' is disabled.
2017-09-04T10:05:10.971395Z 0 [Note] InnoDB: Buffer pool(s) load completed at 170904 10:05:10
2017-09-04T10:05:10.974002Z 0 [Warning] unknown variable 'loose-group_replication_group_name=aaaaaaaa-aaaa-aaaa-aaaa-aaaaaaaaaaaa'
2017-09-04T10:05:10.974037Z 0 [Warning] unknown variable 'loose-group_replication_local_address=172.22.0.7:3302'
2017-09-04T10:05:10.974045Z 0 [Warning] unknown variable 'loose-group_replication_group_seeds=172.22.0.6:3301,172.22.0.7:3302,172.22.0.8:3303'
2017-09-04T10:05:10.974052Z 0 [Warning] unknown variable 'loose-group_replication_start_on_boot=off'
2017-09-04T10:05:10.974059Z 0 [Warning] unknown variable 'loose-group_replication_bootstrap_group=off'
2017-09-04T10:05:10.974066Z 0 [Warning] unknown variable 'loose-group_replication_single_primary_mode=FALSE'
2017-09-04T10:05:10.974072Z 0 [Warning] unknown variable 'loose-group_replication_enforce_update_everywhere_checks=TRUE'
2017-09-04T10:05:11.032376Z 0 [Warning] Failed to set up SSL because of the following SSL library error: SSL context is not usable without certificate and private key
2017-09-04T10:05:11.032813Z 0 [Note] Server hostname (bind-address): '*'; port: 3306
2017-09-04T10:05:11.032875Z 0 [Note] IPv6 is available.
2017-09-04T10:05:11.032898Z 0 [Note]   - '::' resolves to '::';
2017-09-04T10:05:11.032928Z 0 [Note] Server socket created on IP: '::'.
2017-09-04T10:05:11.064132Z 0 [Note] Event Scheduler: Loaded 0 events
2017-09-04T10:05:11.064393Z 0 [Note] Executing 'SELECT * FROM INFORMATION_SCHEMA.TABLES;' to get a list of tables using the deprecated partition engine. You may use the startup option '--disable-partition-engine-check' to skip this check. 
2017-09-04T10:05:11.064413Z 0 [Note] Beginning of list of non-natively partitioned tables
2017-09-04T10:05:11.084327Z 0 [Note] End of list of non-natively partitioned tables
2017-09-04T10:05:11.084450Z 0 [Note] 
2017-09-07T01:09:40.412338Z 0 [Note] Giving 0 client threads a chance to die gracefully
2017-09-07T01:09:40.412397Z 0 [Note] Shutting down slave threads
2017-09-07T01:09:40.412411Z 0 [Note] Forcefully disconnecting 0 remaining clients
2017-09-07T01:09:40.412424Z 0 [Note] Event Scheduler: Purging the queue. 0 events
2017-09-07T01:09:40.412555Z 0 [Note] Binlog end
2017-09-07T01:09:40.701690Z 0 [Note] Shutting down plugin 'ngram'
2017-09-07T01:09:40.754170Z 0 [Note] Shutting down plugin 'partition'
2017-09-07T01:09:40.754193Z 0 [Note] Shutting down plugin 'BLACKHOLE'
2017-09-07T01:09:40.754206Z 0 [Note] Shutting down plugin 'ARCHIVE'
2017-09-07T01:09:40.754216Z 0 [Note] Shutting down plugin 'PERFORMANCE_SCHEMA'
2017-09-07T01:09:40.754266Z 0 [Note] Shutting down plugin 'MRG_MYISAM'
2017-09-07T01:09:40.754277Z 0 [Note] Shutting down plugin 'MyISAM'
2017-09-07T01:09:40.754299Z 0 [Note] Shutting down plugin 'INNODB_SYS_VIRTUAL'
2017-09-07T01:09:40.754310Z 0 [Note] Shutting down plugin 'INNODB_SYS_DATAFILES'
2017-09-07T01:09:40.754317Z 0 [Note] Shutting down plugin 'INNODB_SYS_TABLESPACES'
2017-09-07T01:09:40.754325Z 0 [Note] Shutting down plugin 'INNODB_SYS_FOREIGN_COLS'
2017-09-07T01:09:40.754333Z 0 [Note] Shutting down plugin 'INNODB_SYS_FOREIGN'
2017-09-07T01:09:40.754339Z 0 [Note] Shutting down plugin 'INNODB_SYS_FIELDS'
2017-09-07T01:09:40.754346Z 0 [Note] Shutting down plugin 'INNODB_SYS_COLUMNS'
2017-09-07T01:09:40.754353Z 0 [Note] Shutting down plugin 'INNODB_SYS_INDEXES'
2017-09-07T01:09:40.754359Z 0 [Note] Shutting down plugin 'INNODB_SYS_TABLESTATS'
2017-09-07T01:09:40.754367Z 0 [Note] Shutting down plugin 'INNODB_SYS_TABLES'
2017-09-07T01:09:40.754374Z 0 [Note] Shutting down plugin 'INNODB_FT_INDEX_TABLE'
2017-09-07T01:09:40.754381Z 0 [Note] Shutting down plugin 'INNODB_FT_INDEX_CACHE'
2017-09-07T01:09:40.754388Z 0 [Note] Shutting down plugin 'INNODB_FT_CONFIG'
2017-09-07T01:09:40.754413Z 0 [Note] Shutting down plugin 'INNODB_FT_BEING_DELETED'
2017-09-07T01:09:40.754421Z 0 [Note] Shutting down plugin 'INNODB_FT_DELETED'
2017-09-07T01:09:40.754428Z 0 [Note] Shutting down plugin 'INNODB_FT_DEFAULT_STOPWORD'
2017-09-07T01:09:40.754435Z 0 [Note] Shutting down plugin 'INNODB_METRICS'
2017-09-07T01:09:40.754443Z 0 [Note] Shutting down plugin 'INNODB_TEMP_TABLE_INFO'
2017-09-07T01:09:40.754450Z 0 [Note] Shutting down plugin 'INNODB_BUFFER_POOL_STATS'
2017-09-07T01:09:40.754458Z 0 [Note] Shutting down plugin 'INNODB_BUFFER_PAGE_LRU'
2017-09-07T01:09:40.754465Z 0 [Note] Shutting down plugin 'INNODB_BUFFER_PAGE'
2017-09-07T01:09:40.754471Z 0 [Note] Shutting down plugin 'INNODB_CMP_PER_INDEX_RESET'
2017-09-07T01:09:40.754478Z 0 [Note] Shutting down plugin 'INNODB_CMP_PER_INDEX'
2017-09-07T01:09:40.754485Z 0 [Note] Shutting down plugin 'INNODB_CMPMEM_RESET'
2017-09-07T01:09:40.754492Z 0 [Note] Shutting down plugin 'INNODB_CMPMEM'
2017-09-07T01:09:40.754499Z 0 [Note] Shutting down plugin 'INNODB_CMP_RESET'
2017-09-07T01:09:40.754506Z 0 [Note] Shutting down plugin 'INNODB_CMP'
2017-09-07T01:09:40.754512Z 0 [Note] Shutting down plugin 'INNODB_LOCK_WAITS'
2017-09-07T01:09:40.754519Z 0 [Note] Shutting down plugin 'INNODB_LOCKS'
2017-09-07T01:09:40.754526Z 0 [Note] Shutting down plugin 'INNODB_TRX'
2017-09-07T01:09:40.754533Z 0 [Note] Shutting down plugin 'InnoDB'
2017-09-07T01:09:40.856778Z 0 [Note] InnoDB: FTS optimize thread exiting.
2017-09-07T01:09:40.857011Z 0 [Note] InnoDB: Starting shutdown...
2017-09-07T01:09:40.957406Z 0 [Note] InnoDB: Dumping buffer pool(s) to /var/lib/mysql/ib_buffer_pool
2017-09-07T01:09:41.152155Z 0 [Note] InnoDB: Buffer pool(s) dump completed at 170907  1:09:41
2017-09-07T01:09:42.696157Z 0 [Note] InnoDB: Shutdown completed; log sequence number 2535329
2017-09-07T01:09:42.700148Z 0 [Note] InnoDB: Removed temporary tablespace data file: "ibtmp1"
2017-09-07T01:09:42.700171Z 0 [Note] Shutting down plugin 'MEMORY'
2017-09-07T01:09:42.700182Z 0 [Note] Shutting down plugin 'CSV'
2017-09-07T01:09:42.700191Z 0 [Note] Shutting down plugin 'sha256_password'
2017-09-07T01:09:42.700197Z 0 [Note] Shutting down plugin 'mysql_native_password'
2017-09-07T01:09:42.700544Z 0 [Note] Shutting down plugin 'binlog'
2017-09-07T01:09:42.701286Z 0 [Note] 
2017-09-07T01:20:34.205807Z 0 [Warning] TIMESTAMP with implicit DEFAULT value is deprecated. Please use --explicit_defaults_for_timestamp server option (see documentation for more details).
2017-09-07T01:20:34.205906Z 0 [Warning] 'NO_AUTO_CREATE_USER' sql mode was not set.
2017-09-07T01:20:34.369484Z 0 [Note] mysqld (mysqld 5.7.17-log) starting as process 1 ...
2017-09-07T01:20:34.369563Z 0 [ERROR] Can't find error-message file '/user/share/mysql/errmsg.sys'. Check error-message file location and 'lc-messages-dir' configuration directive.
2017-09-07T01:20:34.393375Z 0 [Note] InnoDB: PUNCH HOLE support available
2017-09-07T01:20:34.393426Z 0 [Note] InnoDB: Mutexes and rw_locks use GCC atomic builtins
2017-09-07T01:20:34.393438Z 0 [Note] InnoDB: Uses event mutexes
2017-09-07T01:20:34.393449Z 0 [Note] InnoDB: GCC builtin __atomic_thread_fence() is used for memory barrier
2017-09-07T01:20:34.393459Z 0 [Note] InnoDB: Compressed tables use zlib 1.2.3
2017-09-07T01:20:34.393469Z 0 [Note] InnoDB: Using Linux native AIO
2017-09-07T01:20:34.394620Z 0 [Note] InnoDB: Number of pools: 1
2017-09-07T01:20:34.397162Z 0 [Note] InnoDB: Using CPU crc32 instructions
2017-09-07T01:20:34.422635Z 0 [Note] InnoDB: Initializing buffer pool, total size = 128M, instances = 1, chunk size = 128M
2017-09-07T01:20:34.467182Z 0 [Note] InnoDB: Completed initialization of buffer pool
2017-09-07T01:20:34.548241Z 0 [Note] InnoDB: If the mysqld execution user is authorized, page cleaner thread priority can be changed. See the man page of setpriority().
2017-09-07T01:20:34.684289Z 0 [Note] InnoDB: Highest supported file format is Barracuda.
2017-09-07T01:20:35.146222Z 0 [Note] InnoDB: Creating shared tablespace for temporary tables
2017-09-07T01:20:35.146509Z 0 [Note] InnoDB: Setting file './ibtmp1' size to 12 MB. Physically writing the file full; Please wait ...
2017-09-07T01:20:35.796964Z 0 [Note] InnoDB: File './ibtmp1' size is now 12 MB.
2017-09-07T01:20:35.799099Z 0 [Note] InnoDB: 96 redo rollback segment(s) found. 96 redo rollback segment(s) are active.
2017-09-07T01:20:35.799138Z 0 [Note] InnoDB: 32 non-redo rollback segment(s) are active.
2017-09-07T01:20:35.800394Z 0 [Note] InnoDB: Waiting for purge to start
2017-09-07T01:20:35.850701Z 0 [Note] InnoDB: 5.7.17 started; log sequence number 2535329
2017-09-07T01:20:35.992568Z 0 [Note] InnoDB: Loading buffer pool(s) from /var/lib/mysql/ib_buffer_pool
2017-09-07T01:20:36.188135Z 0 [Note] Plugin 'FEDERATED' is disabled.
2017-09-07T01:20:37.254944Z 0 [Warning] unknown variable 'loose-group_replication_group_name=aaaaaaaa-aaaa-aaaa-aaaa-aaaaaaaaaaaa'
2017-09-07T01:20:37.274603Z 0 [Warning] unknown variable 'loose-group_replication_local_address=172.22.0.7:3302'
2017-09-07T01:20:37.274616Z 0 [Warning] unknown variable 'loose-group_replication_group_seeds=172.22.0.6:3301,172.22.0.7:3302,172.22.0.8:3303'
2017-09-07T01:20:37.274624Z 0 [Warning] unknown variable 'loose-group_replication_start_on_boot=off'
2017-09-07T01:20:37.274631Z 0 [Warning] unknown variable 'loose-group_replication_bootstrap_group=off'
2017-09-07T01:20:37.274637Z 0 [Warning] unknown variable 'loose-group_replication_single_primary_mode=FALSE'
2017-09-07T01:20:37.274644Z 0 [Warning] unknown variable 'loose-group_replication_enforce_update_everywhere_checks=TRUE'
2017-09-07T01:20:40.135302Z 0 [Note] InnoDB: Buffer pool(s) load completed at 170907  1:20:40
2017-09-07T01:20:40.197190Z 0 [Warning] Failed to set up SSL because of the following SSL library error: SSL context is not usable without certificate and private key
2017-09-07T01:20:40.277006Z 0 [Note] Server hostname (bind-address): '*'; port: 3306
2017-09-07T01:20:40.299733Z 0 [Note] IPv6 is available.
2017-09-07T01:20:40.299766Z 0 [Note]   - '::' resolves to '::';
2017-09-07T01:20:40.299812Z 0 [Note] Server socket created on IP: '::'.
2017-09-07T01:20:40.541417Z 0 [Note] Event Scheduler: Loaded 0 events
2017-09-07T01:20:40.541695Z 0 [Note] Executing 'SELECT * FROM INFORMATION_SCHEMA.TABLES;' to get a list of tables using the deprecated partition engine. You may use the startup option '--disable-partition-engine-check' to skip this check. 
2017-09-07T01:20:40.541715Z 0 [Note] Beginning of list of non-natively partitioned tables
2017-09-07T01:20:41.136634Z 0 [Note] End of list of non-natively partitioned tables
2017-09-07T01:20:41.136819Z 0 [Note] 
2017-09-07T01:29:07.393364Z 0 [Note] Giving 0 client threads a chance to die gracefully
2017-09-07T01:29:07.393414Z 0 [Note] Shutting down slave threads
2017-09-07T01:29:07.393425Z 0 [Note] Forcefully disconnecting 0 remaining clients
2017-09-07T01:29:07.393436Z 0 [Note] Event Scheduler: Purging the queue. 0 events
2017-09-07T01:29:07.393542Z 0 [Note] Binlog end
2017-09-07T01:29:07.403368Z 0 [Note] Shutting down plugin 'ngram'
2017-09-07T01:29:07.403394Z 0 [Note] Shutting down plugin 'partition'
2017-09-07T01:29:07.403404Z 0 [Note] Shutting down plugin 'BLACKHOLE'
2017-09-07T01:29:07.403413Z 0 [Note] Shutting down plugin 'ARCHIVE'
2017-09-07T01:29:07.403421Z 0 [Note] Shutting down plugin 'PERFORMANCE_SCHEMA'
2017-09-07T01:29:07.403464Z 0 [Note] Shutting down plugin 'MRG_MYISAM'
2017-09-07T01:29:07.403473Z 0 [Note] Shutting down plugin 'MyISAM'
2017-09-07T01:29:07.403488Z 0 [Note] Shutting down plugin 'INNODB_SYS_VIRTUAL'
2017-09-07T01:29:07.403497Z 0 [Note] Shutting down plugin 'INNODB_SYS_DATAFILES'
2017-09-07T01:29:07.403504Z 0 [Note] Shutting down plugin 'INNODB_SYS_TABLESPACES'
2017-09-07T01:29:07.403511Z 0 [Note] Shutting down plugin 'INNODB_SYS_FOREIGN_COLS'
2017-09-07T01:29:07.403518Z 0 [Note] Shutting down plugin 'INNODB_SYS_FOREIGN'
2017-09-07T01:29:07.403525Z 0 [Note] Shutting down plugin 'INNODB_SYS_FIELDS'
2017-09-07T01:29:07.403532Z 0 [Note] Shutting down plugin 'INNODB_SYS_COLUMNS'
2017-09-07T01:29:07.403539Z 0 [Note] Shutting down plugin 'INNODB_SYS_INDEXES'
2017-09-07T01:29:07.403561Z 0 [Note] Shutting down plugin 'INNODB_SYS_TABLESTATS'
2017-09-07T01:29:07.403568Z 0 [Note] Shutting down plugin 'INNODB_SYS_TABLES'
2017-09-07T01:29:07.403575Z 0 [Note] Shutting down plugin 'INNODB_FT_INDEX_TABLE'
2017-09-07T01:29:07.403581Z 0 [Note] Shutting down plugin 'INNODB_FT_INDEX_CACHE'
2017-09-07T01:29:07.403588Z 0 [Note] Shutting down plugin 'INNODB_FT_CONFIG'
2017-09-07T01:29:07.403594Z 0 [Note] Shutting down plugin 'INNODB_FT_BEING_DELETED'
2017-09-07T01:29:07.403601Z 0 [Note] Shutting down plugin 'INNODB_FT_DELETED'
2017-09-07T01:29:07.403607Z 0 [Note] Shutting down plugin 'INNODB_FT_DEFAULT_STOPWORD'
2017-09-07T01:29:07.403613Z 0 [Note] Shutting down plugin 'INNODB_METRICS'
2017-09-07T01:29:07.403620Z 0 [Note] Shutting down plugin 'INNODB_TEMP_TABLE_INFO'
2017-09-07T01:29:07.403626Z 0 [Note] Shutting down plugin 'INNODB_BUFFER_POOL_STATS'
2017-09-07T01:29:07.403632Z 0 [Note] Shutting down plugin 'INNODB_BUFFER_PAGE_LRU'
2017-09-07T01:29:07.403638Z 0 [Note] Shutting down plugin 'INNODB_BUFFER_PAGE'
2017-09-07T01:29:07.403645Z 0 [Note] Shutting down plugin 'INNODB_CMP_PER_INDEX_RESET'
2017-09-07T01:29:07.403651Z 0 [Note] Shutting down plugin 'INNODB_CMP_PER_INDEX'
2017-09-07T01:29:07.403657Z 0 [Note] Shutting down plugin 'INNODB_CMPMEM_RESET'
2017-09-07T01:29:07.403664Z 0 [Note] Shutting down plugin 'INNODB_CMPMEM'
2017-09-07T01:29:07.403670Z 0 [Note] Shutting down plugin 'INNODB_CMP_RESET'
2017-09-07T01:29:07.403676Z 0 [Note] Shutting down plugin 'INNODB_CMP'
2017-09-07T01:29:07.403683Z 0 [Note] Shutting down plugin 'INNODB_LOCK_WAITS'
2017-09-07T01:29:07.403689Z 0 [Note] Shutting down plugin 'INNODB_LOCKS'
2017-09-07T01:29:07.403696Z 0 [Note] Shutting down plugin 'INNODB_TRX'
2017-09-07T01:29:07.403702Z 0 [Note] Shutting down plugin 'InnoDB'
2017-09-07T01:29:07.403844Z 0 [Note] InnoDB: FTS optimize thread exiting.
2017-09-07T01:29:07.404065Z 0 [Note] InnoDB: Starting shutdown...
2017-09-07T01:29:07.504376Z 0 [Note] InnoDB: Dumping buffer pool(s) to /var/lib/mysql/ib_buffer_pool
2017-09-07T01:29:07.504688Z 0 [Note] InnoDB: Buffer pool(s) dump completed at 170907  1:29:07
2017-09-07T01:29:09.131117Z 0 [Note] InnoDB: Shutdown completed; log sequence number 2535357
2017-09-07T01:29:09.134114Z 0 [Note] InnoDB: Removed temporary tablespace data file: "ibtmp1"
2017-09-07T01:29:09.134136Z 0 [Note] Shutting down plugin 'MEMORY'
2017-09-07T01:29:09.134146Z 0 [Note] Shutting down plugin 'CSV'
2017-09-07T01:29:09.134155Z 0 [Note] Shutting down plugin 'sha256_password'
2017-09-07T01:29:09.134162Z 0 [Note] Shutting down plugin 'mysql_native_password'
2017-09-07T01:29:09.134384Z 0 [Note] Shutting down plugin 'binlog'
2017-09-07T01:29:09.135013Z 0 [Note] 
2017-09-07T01:52:14.138922Z 0 [Warning] TIMESTAMP with implicit DEFAULT value is deprecated. Please use --explicit_defaults_for_timestamp server option (see documentation for more details).
2017-09-07T01:52:14.139006Z 0 [Warning] 'NO_AUTO_CREATE_USER' sql mode was not set.
2017-09-07T01:52:14.900236Z 0 [Note] mysqld (mysqld 5.7.17-log) starting as process 1 ...
2017-09-07T01:52:14.900378Z 0 [ERROR] Can't find error-message file '/user/share/mysql/errmsg.sys'. Check error-message file location and 'lc-messages-dir' configuration directive.
2017-09-07T01:52:15.987882Z 0 [Note] InnoDB: PUNCH HOLE support available
2017-09-07T01:52:15.987938Z 0 [Note] InnoDB: Mutexes and rw_locks use GCC atomic builtins
2017-09-07T01:52:15.987950Z 0 [Note] InnoDB: Uses event mutexes
2017-09-07T01:52:15.987961Z 0 [Note] InnoDB: GCC builtin __atomic_thread_fence() is used for memory barrier
2017-09-07T01:52:15.987971Z 0 [Note] InnoDB: Compressed tables use zlib 1.2.3
2017-09-07T01:52:15.987980Z 0 [Note] InnoDB: Using Linux native AIO
2017-09-07T01:52:15.988402Z 0 [Note] InnoDB: Number of pools: 1
2017-09-07T01:52:15.988559Z 0 [Note] InnoDB: Using CPU crc32 instructions
2017-09-07T01:52:17.136557Z 0 [Note] InnoDB: Initializing buffer pool, total size = 128M, instances = 1, chunk size = 128M
2017-09-07T01:52:17.150877Z 0 [Note] InnoDB: Completed initialization of buffer pool
2017-09-07T01:52:17.153419Z 0 [Note] InnoDB: If the mysqld execution user is authorized, page cleaner thread priority can be changed. See the man page of setpriority().
2017-09-07T01:52:18.806253Z 0 [Note] InnoDB: Highest supported file format is Barracuda.
2017-09-07T01:52:25.147805Z 0 [Note] InnoDB: Creating shared tablespace for temporary tables
2017-09-07T01:52:25.655393Z 0 [Note] InnoDB: Setting file './ibtmp1' size to 12 MB. Physically writing the file full; Please wait ...
2017-09-07T01:52:27.874456Z 0 [Note] InnoDB: File './ibtmp1' size is now 12 MB.
2017-09-07T01:52:28.268175Z 0 [Note] InnoDB: 96 redo rollback segment(s) found. 96 redo rollback segment(s) are active.
2017-09-07T01:52:28.268236Z 0 [Note] InnoDB: 32 non-redo rollback segment(s) are active.
2017-09-07T01:52:28.269528Z 0 [Note] InnoDB: Waiting for purge to start
2017-09-07T01:52:28.319818Z 0 [Note] InnoDB: page_cleaner: 1000ms intended loop took 11166ms. The settings might not be optimal. (flushed=0 and evicted=0, during the time.)
2017-09-07T01:52:28.319842Z 0 [Note] InnoDB: 5.7.17 started; log sequence number 2535357
2017-09-07T01:52:28.320837Z 0 [Note] InnoDB: Loading buffer pool(s) from /var/lib/mysql/ib_buffer_pool
2017-09-07T01:52:28.321190Z 0 [Note] Plugin 'FEDERATED' is disabled.
2017-09-07T01:52:30.417971Z 0 [Warning] unknown variable 'loose-group_replication_group_name=aaaaaaaa-aaaa-aaaa-aaaa-aaaaaaaaaaaa'
2017-09-07T01:52:30.681224Z 0 [Warning] unknown variable 'loose-group_replication_local_address=172.22.0.7:3302'
2017-09-07T01:52:30.681248Z 0 [Warning] unknown variable 'loose-group_replication_group_seeds=172.22.0.6:3301,172.22.0.7:3302,172.22.0.8:3303'
2017-09-07T01:52:30.681258Z 0 [Warning] unknown variable 'loose-group_replication_start_on_boot=off'
2017-09-07T01:52:30.681266Z 0 [Warning] unknown variable 'loose-group_replication_bootstrap_group=off'
2017-09-07T01:52:30.681274Z 0 [Warning] unknown variable 'loose-group_replication_single_primary_mode=FALSE'
2017-09-07T01:52:30.681282Z 0 [Warning] unknown variable 'loose-group_replication_enforce_update_everywhere_checks=TRUE'
2017-09-07T01:52:38.839160Z 0 [Warning] Failed to set up SSL because of the following SSL library error: SSL context is not usable without certificate and private key
2017-09-07T01:52:38.839608Z 0 [Note] Server hostname (bind-address): '*'; port: 3306
2017-09-07T01:52:38.839666Z 0 [Note] IPv6 is available.
2017-09-07T01:52:38.839688Z 0 [Note]   - '::' resolves to '::';
2017-09-07T01:52:38.839727Z 0 [Note] Server socket created on IP: '::'.
2017-09-07T01:52:40.676024Z 0 [Note] InnoDB: Buffer pool(s) load completed at 170907  1:52:40
2017-09-07T01:52:49.212905Z 0 [Note] Event Scheduler: Loaded 0 events
2017-09-07T01:52:49.213098Z 0 [Note] Executing 'SELECT * FROM INFORMATION_SCHEMA.TABLES;' to get a list of tables using the deprecated partition engine. You may use the startup option '--disable-partition-engine-check' to skip this check. 
2017-09-07T01:52:49.213115Z 0 [Note] Beginning of list of non-natively partitioned tables
2017-09-07T01:52:54.168252Z 0 [Note] End of list of non-natively partitioned tables
2017-09-07T01:52:54.168466Z 0 [Note] 
2017-09-07T01:53:19.314872Z 0 [Note] Giving 0 client threads a chance to die gracefully
2017-09-07T01:53:19.314918Z 0 [Note] Shutting down slave threads
2017-09-07T01:53:19.314929Z 0 [Note] Forcefully disconnecting 0 remaining clients
2017-09-07T01:53:19.314940Z 0 [Note] Event Scheduler: Purging the queue. 0 events
2017-09-07T01:53:19.315026Z 0 [Note] Binlog end
2017-09-07T01:53:19.583365Z 0 [Note] Shutting down plugin 'ngram'
2017-09-07T01:53:19.583404Z 0 [Note] Shutting down plugin 'partition'
2017-09-07T01:53:19.583415Z 0 [Note] Shutting down plugin 'BLACKHOLE'
2017-09-07T01:53:19.583424Z 0 [Note] Shutting down plugin 'ARCHIVE'
2017-09-07T01:53:19.583432Z 0 [Note] Shutting down plugin 'PERFORMANCE_SCHEMA'
2017-09-07T01:53:19.583472Z 0 [Note] Shutting down plugin 'MRG_MYISAM'
2017-09-07T01:53:19.583481Z 0 [Note] Shutting down plugin 'MyISAM'
2017-09-07T01:53:19.583499Z 0 [Note] Shutting down plugin 'INNODB_SYS_VIRTUAL'
2017-09-07T01:53:19.583522Z 0 [Note] Shutting down plugin 'INNODB_SYS_DATAFILES'
2017-09-07T01:53:19.583530Z 0 [Note] Shutting down plugin 'INNODB_SYS_TABLESPACES'
2017-09-07T01:53:19.583537Z 0 [Note] Shutting down plugin 'INNODB_SYS_FOREIGN_COLS'
2017-09-07T01:53:19.583544Z 0 [Note] Shutting down plugin 'INNODB_SYS_FOREIGN'
2017-09-07T01:53:19.583551Z 0 [Note] Shutting down plugin 'INNODB_SYS_FIELDS'
2017-09-07T01:53:19.583557Z 0 [Note] Shutting down plugin 'INNODB_SYS_COLUMNS'
2017-09-07T01:53:19.583564Z 0 [Note] Shutting down plugin 'INNODB_SYS_INDEXES'
2017-09-07T01:53:19.583571Z 0 [Note] Shutting down plugin 'INNODB_SYS_TABLESTATS'
2017-09-07T01:53:19.583577Z 0 [Note] Shutting down plugin 'INNODB_SYS_TABLES'
2017-09-07T01:53:19.583584Z 0 [Note] Shutting down plugin 'INNODB_FT_INDEX_TABLE'
2017-09-07T01:53:19.583590Z 0 [Note] Shutting down plugin 'INNODB_FT_INDEX_CACHE'
2017-09-07T01:53:19.583596Z 0 [Note] Shutting down plugin 'INNODB_FT_CONFIG'
2017-09-07T01:53:19.583603Z 0 [Note] Shutting down plugin 'INNODB_FT_BEING_DELETED'
2017-09-07T01:53:19.583609Z 0 [Note] Shutting down plugin 'INNODB_FT_DELETED'
2017-09-07T01:53:19.583616Z 0 [Note] Shutting down plugin 'INNODB_FT_DEFAULT_STOPWORD'
2017-09-07T01:53:19.583622Z 0 [Note] Shutting down plugin 'INNODB_METRICS'
2017-09-07T01:53:19.583628Z 0 [Note] Shutting down plugin 'INNODB_TEMP_TABLE_INFO'
2017-09-07T01:53:19.583635Z 0 [Note] Shutting down plugin 'INNODB_BUFFER_POOL_STATS'
2017-09-07T01:53:19.583641Z 0 [Note] Shutting down plugin 'INNODB_BUFFER_PAGE_LRU'
2017-09-07T01:53:19.583648Z 0 [Note] Shutting down plugin 'INNODB_BUFFER_PAGE'
2017-09-07T01:53:19.583654Z 0 [Note] Shutting down plugin 'INNODB_CMP_PER_INDEX_RESET'
2017-09-07T01:53:19.583661Z 0 [Note] Shutting down plugin 'INNODB_CMP_PER_INDEX'
2017-09-07T01:53:19.583667Z 0 [Note] Shutting down plugin 'INNODB_CMPMEM_RESET'
2017-09-07T01:53:19.583673Z 0 [Note] Shutting down plugin 'INNODB_CMPMEM'
2017-09-07T01:53:19.583680Z 0 [Note] Shutting down plugin 'INNODB_CMP_RESET'
2017-09-07T01:53:19.583686Z 0 [Note] Shutting down plugin 'INNODB_CMP'
2017-09-07T01:53:19.583693Z 0 [Note] Shutting down plugin 'INNODB_LOCK_WAITS'
2017-09-07T01:53:19.583699Z 0 [Note] Shutting down plugin 'INNODB_LOCKS'
2017-09-07T01:53:19.583706Z 0 [Note] Shutting down plugin 'INNODB_TRX'
2017-09-07T01:53:19.583713Z 0 [Note] Shutting down plugin 'InnoDB'
2017-09-07T01:53:19.583825Z 0 [Note] InnoDB: FTS optimize thread exiting.
2017-09-07T01:53:19.584029Z 0 [Note] InnoDB: Starting shutdown...
2017-09-07T01:53:19.684378Z 0 [Note] InnoDB: Dumping buffer pool(s) to /var/lib/mysql/ib_buffer_pool
2017-09-07T01:53:19.684787Z 0 [Note] InnoDB: Buffer pool(s) dump completed at 170907  1:53:19
2017-09-07T01:53:21.594874Z 0 [Note] InnoDB: Shutdown completed; log sequence number 2535385
2017-09-07T01:53:21.639448Z 0 [Note] InnoDB: Removed temporary tablespace data file: "ibtmp1"
2017-09-07T01:53:21.639499Z 0 [Note] Shutting down plugin 'MEMORY'
2017-09-07T01:53:21.639510Z 0 [Note] Shutting down plugin 'CSV'
2017-09-07T01:53:21.639520Z 0 [Note] Shutting down plugin 'sha256_password'
2017-09-07T01:53:21.639527Z 0 [Note] Shutting down plugin 'mysql_native_password'
2017-09-07T01:53:21.639735Z 0 [Note] Shutting down plugin 'binlog'
2017-09-07T01:53:21.640487Z 0 [Note] 
2017-09-07T06:23:55.733807Z 0 [Warning] TIMESTAMP with implicit DEFAULT value is deprecated. Please use --explicit_defaults_for_timestamp server option (see documentation for more details).
2017-09-07T06:23:55.733912Z 0 [Warning] 'NO_AUTO_CREATE_USER' sql mode was not set.
2017-09-07T06:23:55.736086Z 0 [Note] mysqld (mysqld 5.7.17-log) starting as process 1 ...
2017-09-07T06:23:55.736159Z 0 [ERROR] Can't find error-message file '/user/share/mysql/errmsg.sys'. Check error-message file location and 'lc-messages-dir' configuration directive.
2017-09-07T06:23:55.741653Z 0 [Note] InnoDB: PUNCH HOLE support available
2017-09-07T06:23:55.741705Z 0 [Note] InnoDB: Mutexes and rw_locks use GCC atomic builtins
2017-09-07T06:23:55.741722Z 0 [Note] InnoDB: Uses event mutexes
2017-09-07T06:23:55.741733Z 0 [Note] InnoDB: GCC builtin __atomic_thread_fence() is used for memory barrier
2017-09-07T06:23:55.741762Z 0 [Note] InnoDB: Compressed tables use zlib 1.2.3
2017-09-07T06:23:55.741773Z 0 [Note] InnoDB: Using Linux native AIO
2017-09-07T06:23:55.742155Z 0 [Note] InnoDB: Number of pools: 1
2017-09-07T06:23:55.742492Z 0 [Note] InnoDB: Using CPU crc32 instructions
2017-09-07T06:23:55.745508Z 0 [Note] InnoDB: Initializing buffer pool, total size = 128M, instances = 1, chunk size = 128M
2017-09-07T06:23:55.759158Z 0 [Note] InnoDB: Completed initialization of buffer pool
2017-09-07T06:23:55.762609Z 0 [Note] InnoDB: If the mysqld execution user is authorized, page cleaner thread priority can be changed. See the man page of setpriority().
2017-09-07T06:23:55.775806Z 0 [Note] InnoDB: Highest supported file format is Barracuda.
2017-09-07T06:23:55.896998Z 0 [Note] InnoDB: Creating shared tablespace for temporary tables
2017-09-07T06:23:55.897173Z 0 [Note] InnoDB: Setting file './ibtmp1' size to 12 MB. Physically writing the file full; Please wait ...
2017-09-07T06:23:56.177563Z 0 [Note] InnoDB: File './ibtmp1' size is now 12 MB.
2017-09-07T06:23:56.179293Z 0 [Note] InnoDB: 96 redo rollback segment(s) found. 96 redo rollback segment(s) are active.
2017-09-07T06:23:56.179372Z 0 [Note] InnoDB: 32 non-redo rollback segment(s) are active.
2017-09-07T06:23:56.180376Z 0 [Note] InnoDB: Waiting for purge to start
2017-09-07T06:23:56.230603Z 0 [Note] InnoDB: 5.7.17 started; log sequence number 2535385
2017-09-07T06:23:56.231434Z 0 [Note] InnoDB: Loading buffer pool(s) from /var/lib/mysql/ib_buffer_pool
2017-09-07T06:23:56.231953Z 0 [Note] Plugin 'FEDERATED' is disabled.
2017-09-07T06:23:56.234174Z 0 [Note] InnoDB: Buffer pool(s) load completed at 170907  6:23:56
2017-09-07T06:23:56.236719Z 0 [Warning] unknown variable 'loose-group_replication_group_name=aaaaaaaa-aaaa-aaaa-aaaa-aaaaaaaaaaaa'
2017-09-07T06:23:56.236750Z 0 [Warning] unknown variable 'loose-group_replication_local_address=172.22.0.7:3302'
2017-09-07T06:23:56.236758Z 0 [Warning] unknown variable 'loose-group_replication_group_seeds=172.22.0.6:3301,172.22.0.7:3302,172.22.0.8:3303'
2017-09-07T06:23:56.236766Z 0 [Warning] unknown variable 'loose-group_replication_start_on_boot=off'
2017-09-07T06:23:56.236772Z 0 [Warning] unknown variable 'loose-group_replication_bootstrap_group=off'
2017-09-07T06:23:56.236779Z 0 [Warning] unknown variable 'loose-group_replication_single_primary_mode=FALSE'
2017-09-07T06:23:56.236786Z 0 [Warning] unknown variable 'loose-group_replication_enforce_update_everywhere_checks=TRUE'
2017-09-07T06:23:56.395648Z 0 [Warning] Failed to set up SSL because of the following SSL library error: SSL context is not usable without certificate and private key
2017-09-07T06:23:56.396001Z 0 [Note] Server hostname (bind-address): '*'; port: 3306
2017-09-07T06:23:56.396055Z 0 [Note] IPv6 is available.
2017-09-07T06:23:56.396074Z 0 [Note]   - '::' resolves to '::';
2017-09-07T06:23:56.396111Z 0 [Note] Server socket created on IP: '::'.
2017-09-07T06:23:56.424596Z 0 [Note] Event Scheduler: Loaded 0 events
2017-09-07T06:23:56.424849Z 0 [Note] Executing 'SELECT * FROM INFORMATION_SCHEMA.TABLES;' to get a list of tables using the deprecated partition engine. You may use the startup option '--disable-partition-engine-check' to skip this check. 
2017-09-07T06:23:56.424868Z 0 [Note] Beginning of list of non-natively partitioned tables
2017-09-07T06:23:56.442970Z 0 [Note] End of list of non-natively partitioned tables
2017-09-07T06:23:56.443146Z 0 [Note] 
2017-09-07T06:26:20.875418Z 3 [Warning] Neither --relay-log nor --relay-log-index were used; so replication may break when this MySQL server acts as a slave and has his hostname changed!! Please use '--relay-log=mgr2-relay-bin' to avoid this problem.
2017-09-07T06:26:20.918054Z 3 [Note] 'CHANGE MASTER TO FOR CHANNEL 'group_replication_recovery' executed'. Previous state master_host='', master_port= 3306, master_log_file='', master_log_pos= 4, master_bind=''. New state master_host='', master_port= 3306, master_log_file='', master_log_pos= 4, master_bind=''.
2017-09-07T06:27:09.921291Z 3 [Note] Plugin group_replication reported: 'Group communication SSL configuration: group_replication_ssl_mode: "DISABLED"'
2017-09-07T06:27:09.921496Z 3 [Note] Plugin group_replication reported: '[GCS] Added automatically IP ranges 127.0.0.1/8 to the whitelist'
2017-09-07T06:27:09.922196Z 3 [Note] Plugin group_replication reported: '[GCS] SSL was not enabled'
2017-09-07T06:27:09.922245Z 3 [Note] Plugin group_replication reported: 'Initialized group communication with configuration: group_replication_group_name: "aaaaaaaa-aaaa-aaaa-aaaa-aaaaaaaaaaaa"; group_replication_local_address: "172.22.0.7:3302"; group_replication_group_seeds: "172.22.0.6:3301,172.22.0.7:3302,172.22.0.8:3303"; group_replication_bootstrap_group: false; group_replication_poll_spin_loops: 0; group_replication_compression_threshold: 1000000; group_replication_ip_whitelist: "AUTOMATIC"'
2017-09-07T06:27:09.974623Z 6 [Note] 'CHANGE MASTER TO FOR CHANNEL 'group_replication_applier' executed'. Previous state master_host='', master_port= 3306, master_log_file='', master_log_pos= 4, master_bind=''. New state master_host='<NULL>', master_port= 0, master_log_file='', master_log_pos= 4, master_bind=''.
2017-09-07T06:27:10.144267Z 9 [Note] Slave SQL thread for channel 'group_replication_applier' initialized, starting replication in log 'FIRST' at position 0, relay log './mgr2-relay-bin-group_replication_applier.000001' position: 4
2017-09-07T06:27:10.144338Z 3 [Note] Plugin group_replication reported: 'Group Replication applier module successfully initialized!'
2017-09-07T06:27:10.144923Z 3 [Note] Plugin group_replication reported: 'auto_increment_increment is set to 7'
2017-09-07T06:27:10.144939Z 3 [Note] Plugin group_replication reported: 'auto_increment_offset is set to 2'
2017-09-07T06:27:10.145176Z 0 [Note] Plugin group_replication reported: 'state 0 action xa_init'
2017-09-07T06:27:10.170572Z 0 [Note] Plugin group_replication reported: 'Successfully bound to 0.0.0.0:3302 (socket=68).'
2017-09-07T06:27:10.170646Z 0 [Note] Plugin group_replication reported: 'Successfully set listen backlog to 32 (socket=68)!'
2017-09-07T06:27:10.170660Z 0 [Note] Plugin group_replication reported: 'Successfully unblocked socket (socket=68)!'
2017-09-07T06:27:10.170710Z 0 [Note] Plugin group_replication reported: 'Ready to accept incoming connections on 0.0.0.0:3302 (socket=68)!'
2017-09-07T06:27:10.170764Z 0 [Note] Plugin group_replication reported: 'connecting to 172.22.0.7 3302'
2017-09-07T06:27:10.170961Z 0 [Note] Plugin group_replication reported: 'client connected to 172.22.0.7 3302 fd 69'
2017-09-07T06:27:10.171074Z 0 [Warning] Plugin group_replication reported: '[GCS] Connection attempt from IP address 172.22.0.7 refused. Address is not in the IP whitelist.'
2017-09-07T06:27:10.171324Z 0 [ERROR] Plugin group_replication reported: '[GCS] Error connecting to the local group communication engine instance.'
2017-09-07T06:27:10.171357Z 0 [Note] Plugin group_replication reported: 'state 4257 action xa_exit'
2017-09-07T06:27:10.171502Z 0 [Note] Plugin group_replication reported: 'Exiting xcom thread'
2017-09-07T06:27:11.186916Z 0 [ERROR] Plugin group_replication reported: '[GCS] The member was unable to join the group. Local port: 3302'
2017-09-07T06:28:10.145119Z 3 [ERROR] Plugin group_replication reported: 'Timeout on wait for view after joining group'
2017-09-07T06:28:10.145248Z 3 [Note] Plugin group_replication reported: 'Requesting to leave the group despite of not being a member'
2017-09-07T06:28:10.145287Z 3 [ERROR] Plugin group_replication reported: '[GCS] The member is leaving a group without being on one.'
2017-09-07T06:28:10.145669Z 3 [Note] Plugin group_replication reported: 'auto_increment_increment is reset to 1'
2017-09-07T06:28:10.145696Z 3 [Note] Plugin group_replication reported: 'auto_increment_offset is reset to 1'
2017-09-07T06:28:10.146139Z 9 [Note] Error reading relay log event for channel 'group_replication_applier': slave SQL thread was killed
2017-09-07T06:28:10.158681Z 6 [Note] Plugin group_replication reported: 'The group replication applier thread was killed'
