2017-09-04T10:04:46.079739Z 0 [Warning] TIMESTAMP with implicit DEFAULT value is deprecated. Please use --explicit_defaults_for_timestamp server option (see documentation for more details).
2017-09-04T10:04:46.079855Z 0 [Warning] 'NO_AUTO_CREATE_USER' sql mode was not set.
2017-09-04T10:04:46.080012Z 0 [ERROR] Can't find error-message file '/user/share/mysql/errmsg.sys'. Check error-message file location and 'lc-messages-dir' configuration directive.
2017-09-04T10:04:49.686105Z 0 [Warning] InnoDB: New log files created, LSN=45790
2017-09-04T10:04:50.338500Z 0 [Warning] InnoDB: Creating foreign key constraint system tables.
2017-09-04T10:04:50.967042Z 0 [Warning] unknown variable 'loose-group_replication_group_name=aaaaaaaa-aaaa-aaaa-aaaa-aaaaaaaaaaaa'
2017-09-04T10:04:50.967071Z 0 [Warning] unknown variable 'loose-group_replication_local_address=172.22.0.8:3303'
2017-09-04T10:04:50.967080Z 0 [Warning] unknown variable 'loose-group_replication_group_seeds=172.22.0.6:3301,172.22.0.7:3302,172.22.0.8:3303'
2017-09-04T10:04:50.967087Z 0 [Warning] unknown variable 'loose-group_replication_start_on_boot=off'
2017-09-04T10:04:50.967094Z 0 [Warning] unknown variable 'loose-group_replication_bootstrap_group=off'
2017-09-04T10:04:50.967101Z 0 [Warning] unknown variable 'loose-group_replication_single_primary_mode=FALSE'
2017-09-04T10:04:50.967108Z 0 [Warning] unknown variable 'loose-group_replication_enforce_update_everywhere_checks=TRUE'
2017-09-04T10:04:51.087420Z 0 [Warning] No existing UUID has been found, so we assume that this is the first time that this server has been started. Generating a new UUID: 7dbe79c3-9158-11e7-a5ed-0242ac160008.
2017-09-04T10:04:51.109420Z 0 [Warning] Gtid table is not ready to be used. Table 'mysql.gtid_executed' cannot be opened.
2017-09-04T10:04:51.146185Z 1 [Warning] root@localhost is created with an empty password ! Please consider switching off the --initialize-insecure option.
2017-09-04T10:05:11.188780Z 0 [Warning] TIMESTAMP with implicit DEFAULT value is deprecated. Please use --explicit_defaults_for_timestamp server option (see documentation for more details).
2017-09-04T10:05:11.188877Z 0 [Warning] 'NO_AUTO_CREATE_USER' sql mode was not set.
2017-09-04T10:05:11.190989Z 0 [Note] mysqld (mysqld 5.7.17-log) starting as process 1 ...
2017-09-04T10:05:11.191057Z 0 [ERROR] Can't find error-message file '/user/share/mysql/errmsg.sys'. Check error-message file location and 'lc-messages-dir' configuration directive.
2017-09-04T10:05:11.238433Z 0 [Note] InnoDB: PUNCH HOLE support available
2017-09-04T10:05:11.238483Z 0 [Note] InnoDB: Mutexes and rw_locks use GCC atomic builtins
2017-09-04T10:05:11.238495Z 0 [Note] InnoDB: Uses event mutexes
2017-09-04T10:05:11.238505Z 0 [Note] InnoDB: GCC builtin __atomic_thread_fence() is used for memory barrier
2017-09-04T10:05:11.238515Z 0 [Note] InnoDB: Compressed tables use zlib 1.2.3
2017-09-04T10:05:11.238524Z 0 [Note] InnoDB: Using Linux native AIO
2017-09-04T10:05:11.238927Z 0 [Note] InnoDB: Number of pools: 1
2017-09-04T10:05:11.239084Z 0 [Note] InnoDB: Using CPU crc32 instructions
2017-09-04T10:05:11.241579Z 0 [Note] InnoDB: Initializing buffer pool, total size = 128M, instances = 1, chunk size = 128M
2017-09-04T10:05:11.254382Z 0 [Note] InnoDB: Completed initialization of buffer pool
2017-09-04T10:05:11.257584Z 0 [Note] InnoDB: If the mysqld execution user is authorized, page cleaner thread priority can be changed. See the man page of setpriority().
2017-09-04T10:05:11.270591Z 0 [Note] InnoDB: Highest supported file format is Barracuda.
2017-09-04T10:05:11.376136Z 0 [Note] InnoDB: Creating shared tablespace for temporary tables
2017-09-04T10:05:11.376317Z 0 [Note] InnoDB: Setting file './ibtmp1' size to 12 MB. Physically writing the file full; Please wait ...
2017-09-04T10:05:11.561336Z 0 [Note] InnoDB: File './ibtmp1' size is now 12 MB.
2017-09-04T10:05:11.562884Z 0 [Note] InnoDB: 96 redo rollback segment(s) found. 96 redo rollback segment(s) are active.
2017-09-04T10:05:11.562908Z 0 [Note] InnoDB: 32 non-redo rollback segment(s) are active.
2017-09-04T10:05:11.564169Z 0 [Note] InnoDB: Waiting for purge to start
2017-09-04T10:05:11.614466Z 0 [Note] InnoDB: 5.7.17 started; log sequence number 2536247
2017-09-04T10:05:11.615420Z 0 [Note] InnoDB: Loading buffer pool(s) from /var/lib/mysql/ib_buffer_pool
2017-09-04T10:05:11.615564Z 0 [Note] Plugin 'FEDERATED' is disabled.
2017-09-04T10:05:11.617415Z 0 [Note] InnoDB: Buffer pool(s) load completed at 170904 10:05:11
2017-09-04T10:05:11.620174Z 0 [Warning] unknown variable 'loose-group_replication_group_name=aaaaaaaa-aaaa-aaaa-aaaa-aaaaaaaaaaaa'
2017-09-04T10:05:11.620210Z 0 [Warning] unknown variable 'loose-group_replication_local_address=172.22.0.8:3303'
2017-09-04T10:05:11.620218Z 0 [Warning] unknown variable 'loose-group_replication_group_seeds=172.22.0.6:3301,172.22.0.7:3302,172.22.0.8:3303'
2017-09-04T10:05:11.620225Z 0 [Warning] unknown variable 'loose-group_replication_start_on_boot=off'
2017-09-04T10:05:11.620232Z 0 [Warning] unknown variable 'loose-group_replication_bootstrap_group=off'
2017-09-04T10:05:11.620238Z 0 [Warning] unknown variable 'loose-group_replication_single_primary_mode=FALSE'
2017-09-04T10:05:11.620245Z 0 [Warning] unknown variable 'loose-group_replication_enforce_update_everywhere_checks=TRUE'
2017-09-04T10:05:11.711327Z 0 [Warning] Failed to set up SSL because of the following SSL library error: SSL context is not usable without certificate and private key
2017-09-04T10:05:11.711739Z 0 [Note] Server hostname (bind-address): '*'; port: 3306
2017-09-04T10:05:11.711822Z 0 [Note] IPv6 is available.
2017-09-04T10:05:11.711844Z 0 [Note]   - '::' resolves to '::';
2017-09-04T10:05:11.711881Z 0 [Note] Server socket created on IP: '::'.
2017-09-04T10:05:11.743700Z 0 [Note] Event Scheduler: Loaded 0 events
2017-09-04T10:05:11.743995Z 0 [Note] Executing 'SELECT * FROM INFORMATION_SCHEMA.TABLES;' to get a list of tables using the deprecated partition engine. You may use the startup option '--disable-partition-engine-check' to skip this check. 
2017-09-04T10:05:11.744017Z 0 [Note] Beginning of list of non-natively partitioned tables
2017-09-04T10:05:11.762621Z 0 [Note] End of list of non-natively partitioned tables
2017-09-04T10:05:11.762828Z 0 [Note] 
2017-09-07T01:09:40.412281Z 0 [Note] Giving 0 client threads a chance to die gracefully
2017-09-07T01:09:40.412327Z 0 [Note] Shutting down slave threads
2017-09-07T01:09:40.412344Z 0 [Note] Forcefully disconnecting 0 remaining clients
2017-09-07T01:09:40.412357Z 0 [Note] Event Scheduler: Purging the queue. 0 events
2017-09-07T01:09:40.412632Z 0 [Note] Binlog end
2017-09-07T01:09:40.702810Z 0 [Note] Shutting down plugin 'ngram'
2017-09-07T01:09:40.754195Z 0 [Note] Shutting down plugin 'partition'
2017-09-07T01:09:40.754215Z 0 [Note] Shutting down plugin 'BLACKHOLE'
2017-09-07T01:09:40.754229Z 0 [Note] Shutting down plugin 'ARCHIVE'
2017-09-07T01:09:40.754237Z 0 [Note] Shutting down plugin 'PERFORMANCE_SCHEMA'
2017-09-07T01:09:40.754310Z 0 [Note] Shutting down plugin 'MRG_MYISAM'
2017-09-07T01:09:40.754322Z 0 [Note] Shutting down plugin 'MyISAM'
2017-09-07T01:09:40.754354Z 0 [Note] Shutting down plugin 'INNODB_SYS_VIRTUAL'
2017-09-07T01:09:40.754367Z 0 [Note] Shutting down plugin 'INNODB_SYS_DATAFILES'
2017-09-07T01:09:40.754375Z 0 [Note] Shutting down plugin 'INNODB_SYS_TABLESPACES'
2017-09-07T01:09:40.754383Z 0 [Note] Shutting down plugin 'INNODB_SYS_FOREIGN_COLS'
2017-09-07T01:09:40.754391Z 0 [Note] Shutting down plugin 'INNODB_SYS_FOREIGN'
2017-09-07T01:09:40.754398Z 0 [Note] Shutting down plugin 'INNODB_SYS_FIELDS'
2017-09-07T01:09:40.754405Z 0 [Note] Shutting down plugin 'INNODB_SYS_COLUMNS'
2017-09-07T01:09:40.754412Z 0 [Note] Shutting down plugin 'INNODB_SYS_INDEXES'
2017-09-07T01:09:40.754419Z 0 [Note] Shutting down plugin 'INNODB_SYS_TABLESTATS'
2017-09-07T01:09:40.754427Z 0 [Note] Shutting down plugin 'INNODB_SYS_TABLES'
2017-09-07T01:09:40.754434Z 0 [Note] Shutting down plugin 'INNODB_FT_INDEX_TABLE'
2017-09-07T01:09:40.754442Z 0 [Note] Shutting down plugin 'INNODB_FT_INDEX_CACHE'
2017-09-07T01:09:40.754450Z 0 [Note] Shutting down plugin 'INNODB_FT_CONFIG'
2017-09-07T01:09:40.754475Z 0 [Note] Shutting down plugin 'INNODB_FT_BEING_DELETED'
2017-09-07T01:09:40.754482Z 0 [Note] Shutting down plugin 'INNODB_FT_DELETED'
2017-09-07T01:09:40.754489Z 0 [Note] Shutting down plugin 'INNODB_FT_DEFAULT_STOPWORD'
2017-09-07T01:09:40.754496Z 0 [Note] Shutting down plugin 'INNODB_METRICS'
2017-09-07T01:09:40.754502Z 0 [Note] Shutting down plugin 'INNODB_TEMP_TABLE_INFO'
2017-09-07T01:09:40.754509Z 0 [Note] Shutting down plugin 'INNODB_BUFFER_POOL_STATS'
2017-09-07T01:09:40.754516Z 0 [Note] Shutting down plugin 'INNODB_BUFFER_PAGE_LRU'
2017-09-07T01:09:40.754523Z 0 [Note] Shutting down plugin 'INNODB_BUFFER_PAGE'
2017-09-07T01:09:40.754530Z 0 [Note] Shutting down plugin 'INNODB_CMP_PER_INDEX_RESET'
2017-09-07T01:09:40.754536Z 0 [Note] Shutting down plugin 'INNODB_CMP_PER_INDEX'
2017-09-07T01:09:40.754543Z 0 [Note] Shutting down plugin 'INNODB_CMPMEM_RESET'
2017-09-07T01:09:40.754549Z 0 [Note] Shutting down plugin 'INNODB_CMPMEM'
2017-09-07T01:09:40.754555Z 0 [Note] Shutting down plugin 'INNODB_CMP_RESET'
2017-09-07T01:09:40.754562Z 0 [Note] Shutting down plugin 'INNODB_CMP'
2017-09-07T01:09:40.754568Z 0 [Note] Shutting down plugin 'INNODB_LOCK_WAITS'
2017-09-07T01:09:40.754574Z 0 [Note] Shutting down plugin 'INNODB_LOCKS'
2017-09-07T01:09:40.754580Z 0 [Note] Shutting down plugin 'INNODB_TRX'
2017-09-07T01:09:40.754586Z 0 [Note] Shutting down plugin 'InnoDB'
2017-09-07T01:09:40.856822Z 0 [Note] InnoDB: FTS optimize thread exiting.
2017-09-07T01:09:40.857096Z 0 [Note] InnoDB: Starting shutdown...
2017-09-07T01:09:40.957406Z 0 [Note] InnoDB: Dumping buffer pool(s) to /var/lib/mysql/ib_buffer_pool
2017-09-07T01:09:41.152160Z 0 [Note] InnoDB: Buffer pool(s) dump completed at 170907  1:09:41
2017-09-07T01:09:42.346191Z 0 [Note] InnoDB: Shutdown completed; log sequence number 2536275
2017-09-07T01:09:42.349930Z 0 [Note] InnoDB: Removed temporary tablespace data file: "ibtmp1"
2017-09-07T01:09:42.349953Z 0 [Note] Shutting down plugin 'MEMORY'
2017-09-07T01:09:42.349963Z 0 [Note] Shutting down plugin 'CSV'
2017-09-07T01:09:42.349972Z 0 [Note] Shutting down plugin 'sha256_password'
2017-09-07T01:09:42.349978Z 0 [Note] Shutting down plugin 'mysql_native_password'
2017-09-07T01:09:42.350256Z 0 [Note] Shutting down plugin 'binlog'
2017-09-07T01:09:42.351066Z 0 [Note] 
2017-09-07T01:20:46.852694Z 0 [Warning] TIMESTAMP with implicit DEFAULT value is deprecated. Please use --explicit_defaults_for_timestamp server option (see documentation for more details).
2017-09-07T01:20:46.852779Z 0 [Warning] 'NO_AUTO_CREATE_USER' sql mode was not set.
2017-09-07T01:20:46.854610Z 0 [Note] mysqld (mysqld 5.7.17-log) starting as process 1 ...
2017-09-07T01:20:46.854677Z 0 [ERROR] Can't find error-message file '/user/share/mysql/errmsg.sys'. Check error-message file location and 'lc-messages-dir' configuration directive.
2017-09-07T01:20:47.186796Z 0 [Note] InnoDB: PUNCH HOLE support available
2017-09-07T01:20:47.186851Z 0 [Note] InnoDB: Mutexes and rw_locks use GCC atomic builtins
2017-09-07T01:20:47.186863Z 0 [Note] InnoDB: Uses event mutexes
2017-09-07T01:20:47.186874Z 0 [Note] InnoDB: GCC builtin __atomic_thread_fence() is used for memory barrier
2017-09-07T01:20:47.186884Z 0 [Note] InnoDB: Compressed tables use zlib 1.2.3
2017-09-07T01:20:47.186894Z 0 [Note] InnoDB: Using Linux native AIO
2017-09-07T01:20:47.187302Z 0 [Note] InnoDB: Number of pools: 1
2017-09-07T01:20:47.187467Z 0 [Note] InnoDB: Using CPU crc32 instructions
2017-09-07T01:20:47.555933Z 0 [Note] InnoDB: Initializing buffer pool, total size = 128M, instances = 1, chunk size = 128M
2017-09-07T01:20:47.568624Z 0 [Note] InnoDB: Completed initialization of buffer pool
2017-09-07T01:20:47.571734Z 0 [Note] InnoDB: If the mysqld execution user is authorized, page cleaner thread priority can be changed. See the man page of setpriority().
2017-09-07T01:20:47.698020Z 0 [Note] InnoDB: Highest supported file format is Barracuda.
2017-09-07T01:20:48.711848Z 0 [Note] InnoDB: Creating shared tablespace for temporary tables
2017-09-07T01:20:48.719882Z 0 [Note] InnoDB: Setting file './ibtmp1' size to 12 MB. Physically writing the file full; Please wait ...
2017-09-07T01:20:49.618731Z 0 [Note] InnoDB: File './ibtmp1' size is now 12 MB.
2017-09-07T01:20:49.620385Z 0 [Note] InnoDB: 96 redo rollback segment(s) found. 96 redo rollback segment(s) are active.
2017-09-07T01:20:49.620408Z 0 [Note] InnoDB: 32 non-redo rollback segment(s) are active.
2017-09-07T01:20:49.621645Z 0 [Note] InnoDB: 5.7.17 started; log sequence number 2536275
2017-09-07T01:20:49.622567Z 0 [Note] InnoDB: Loading buffer pool(s) from /var/lib/mysql/ib_buffer_pool
2017-09-07T01:20:49.622976Z 0 [Note] Plugin 'FEDERATED' is disabled.
2017-09-07T01:20:51.131449Z 0 [Warning] unknown variable 'loose-group_replication_group_name=aaaaaaaa-aaaa-aaaa-aaaa-aaaaaaaaaaaa'
2017-09-07T01:20:51.131486Z 0 [Warning] unknown variable 'loose-group_replication_local_address=172.22.0.8:3303'
2017-09-07T01:20:51.131495Z 0 [Warning] unknown variable 'loose-group_replication_group_seeds=172.22.0.6:3301,172.22.0.7:3302,172.22.0.8:3303'
2017-09-07T01:20:51.131502Z 0 [Warning] unknown variable 'loose-group_replication_start_on_boot=off'
2017-09-07T01:20:51.131508Z 0 [Warning] unknown variable 'loose-group_replication_bootstrap_group=off'
2017-09-07T01:20:51.131515Z 0 [Warning] unknown variable 'loose-group_replication_single_primary_mode=FALSE'
2017-09-07T01:20:51.131522Z 0 [Warning] unknown variable 'loose-group_replication_enforce_update_everywhere_checks=TRUE'
2017-09-07T01:20:58.993449Z 0 [Warning] Failed to set up SSL because of the following SSL library error: SSL context is not usable without certificate and private key
2017-09-07T01:20:58.993865Z 0 [Note] Server hostname (bind-address): '*'; port: 3306
2017-09-07T01:20:58.993930Z 0 [Note] IPv6 is available.
2017-09-07T01:20:58.993953Z 0 [Note]   - '::' resolves to '::';
2017-09-07T01:20:58.994002Z 0 [Note] Server socket created on IP: '::'.
2017-09-07T01:21:03.777771Z 0 [Note] InnoDB: Buffer pool(s) load completed at 170907  1:21:03
2017-09-07T01:21:17.464007Z 0 [Note] Event Scheduler: Loaded 0 events
2017-09-07T01:21:17.464161Z 0 [Note] Executing 'SELECT * FROM INFORMATION_SCHEMA.TABLES;' to get a list of tables using the deprecated partition engine. You may use the startup option '--disable-partition-engine-check' to skip this check. 
2017-09-07T01:21:17.464178Z 0 [Note] Beginning of list of non-natively partitioned tables
2017-09-07T01:21:21.913062Z 0 [Note] End of list of non-natively partitioned tables
2017-09-07T01:21:21.913233Z 0 [Note] 
2017-09-07T01:29:02.963897Z 0 [Note] Giving 0 client threads a chance to die gracefully
2017-09-07T01:29:02.963944Z 0 [Note] Shutting down slave threads
2017-09-07T01:29:02.963954Z 0 [Note] Forcefully disconnecting 0 remaining clients
2017-09-07T01:29:02.963966Z 0 [Note] Event Scheduler: Purging the queue. 0 events
2017-09-07T01:29:02.964120Z 0 [Note] Binlog end
2017-09-07T01:29:02.996443Z 0 [Note] Shutting down plugin 'ngram'
2017-09-07T01:29:02.996471Z 0 [Note] Shutting down plugin 'partition'
2017-09-07T01:29:02.996480Z 0 [Note] Shutting down plugin 'BLACKHOLE'
2017-09-07T01:29:02.996489Z 0 [Note] Shutting down plugin 'ARCHIVE'
2017-09-07T01:29:02.996496Z 0 [Note] Shutting down plugin 'PERFORMANCE_SCHEMA'
2017-09-07T01:29:02.996541Z 0 [Note] Shutting down plugin 'MRG_MYISAM'
2017-09-07T01:29:02.996550Z 0 [Note] Shutting down plugin 'MyISAM'
2017-09-07T01:29:02.996567Z 0 [Note] Shutting down plugin 'INNODB_SYS_VIRTUAL'
2017-09-07T01:29:02.996576Z 0 [Note] Shutting down plugin 'INNODB_SYS_DATAFILES'
2017-09-07T01:29:02.996583Z 0 [Note] Shutting down plugin 'INNODB_SYS_TABLESPACES'
2017-09-07T01:29:02.996590Z 0 [Note] Shutting down plugin 'INNODB_SYS_FOREIGN_COLS'
2017-09-07T01:29:02.996597Z 0 [Note] Shutting down plugin 'INNODB_SYS_FOREIGN'
2017-09-07T01:29:02.996604Z 0 [Note] Shutting down plugin 'INNODB_SYS_FIELDS'
2017-09-07T01:29:02.996611Z 0 [Note] Shutting down plugin 'INNODB_SYS_COLUMNS'
2017-09-07T01:29:02.996617Z 0 [Note] Shutting down plugin 'INNODB_SYS_INDEXES'
2017-09-07T01:29:02.996624Z 0 [Note] Shutting down plugin 'INNODB_SYS_TABLESTATS'
2017-09-07T01:29:02.996644Z 0 [Note] Shutting down plugin 'INNODB_SYS_TABLES'
2017-09-07T01:29:02.996652Z 0 [Note] Shutting down plugin 'INNODB_FT_INDEX_TABLE'
2017-09-07T01:29:02.996658Z 0 [Note] Shutting down plugin 'INNODB_FT_INDEX_CACHE'
2017-09-07T01:29:02.996664Z 0 [Note] Shutting down plugin 'INNODB_FT_CONFIG'
2017-09-07T01:29:02.996670Z 0 [Note] Shutting down plugin 'INNODB_FT_BEING_DELETED'
2017-09-07T01:29:02.996677Z 0 [Note] Shutting down plugin 'INNODB_FT_DELETED'
2017-09-07T01:29:02.996683Z 0 [Note] Shutting down plugin 'INNODB_FT_DEFAULT_STOPWORD'
2017-09-07T01:29:02.996689Z 0 [Note] Shutting down plugin 'INNODB_METRICS'
2017-09-07T01:29:02.996695Z 0 [Note] Shutting down plugin 'INNODB_TEMP_TABLE_INFO'
2017-09-07T01:29:02.996702Z 0 [Note] Shutting down plugin 'INNODB_BUFFER_POOL_STATS'
2017-09-07T01:29:02.996708Z 0 [Note] Shutting down plugin 'INNODB_BUFFER_PAGE_LRU'
2017-09-07T01:29:02.996714Z 0 [Note] Shutting down plugin 'INNODB_BUFFER_PAGE'
2017-09-07T01:29:02.996720Z 0 [Note] Shutting down plugin 'INNODB_CMP_PER_INDEX_RESET'
2017-09-07T01:29:02.996727Z 0 [Note] Shutting down plugin 'INNODB_CMP_PER_INDEX'
2017-09-07T01:29:02.996733Z 0 [Note] Shutting down plugin 'INNODB_CMPMEM_RESET'
2017-09-07T01:29:02.996739Z 0 [Note] Shutting down plugin 'INNODB_CMPMEM'
2017-09-07T01:29:02.996745Z 0 [Note] Shutting down plugin 'INNODB_CMP_RESET'
2017-09-07T01:29:02.996751Z 0 [Note] Shutting down plugin 'INNODB_CMP'
2017-09-07T01:29:02.996758Z 0 [Note] Shutting down plugin 'INNODB_LOCK_WAITS'
2017-09-07T01:29:02.996764Z 0 [Note] Shutting down plugin 'INNODB_LOCKS'
2017-09-07T01:29:02.996770Z 0 [Note] Shutting down plugin 'INNODB_TRX'
2017-09-07T01:29:02.996777Z 0 [Note] Shutting down plugin 'InnoDB'
2017-09-07T01:29:02.996919Z 0 [Note] InnoDB: FTS optimize thread exiting.
2017-09-07T01:29:02.997061Z 0 [Note] InnoDB: Starting shutdown...
2017-09-07T01:29:03.097328Z 0 [Note] InnoDB: Dumping buffer pool(s) to /var/lib/mysql/ib_buffer_pool
2017-09-07T01:29:03.097637Z 0 [Note] InnoDB: Buffer pool(s) dump completed at 170907  1:29:03
2017-09-07T01:29:04.521788Z 0 [Note] InnoDB: Shutdown completed; log sequence number 2536303
2017-09-07T01:29:04.525209Z 0 [Note] InnoDB: Removed temporary tablespace data file: "ibtmp1"
2017-09-07T01:29:04.525233Z 0 [Note] Shutting down plugin 'MEMORY'
2017-09-07T01:29:04.525244Z 0 [Note] Shutting down plugin 'CSV'
2017-09-07T01:29:04.525254Z 0 [Note] Shutting down plugin 'sha256_password'
2017-09-07T01:29:04.525260Z 0 [Note] Shutting down plugin 'mysql_native_password'
2017-09-07T01:29:04.525536Z 0 [Note] Shutting down plugin 'binlog'
2017-09-07T01:29:04.526294Z 0 [Note] 
2017-09-07T01:52:17.979024Z 0 [Warning] TIMESTAMP with implicit DEFAULT value is deprecated. Please use --explicit_defaults_for_timestamp server option (see documentation for more details).
2017-09-07T01:52:17.979105Z 0 [Warning] 'NO_AUTO_CREATE_USER' sql mode was not set.
2017-09-07T01:52:18.677356Z 0 [Note] mysqld (mysqld 5.7.17-log) starting as process 1 ...
2017-09-07T01:52:18.677435Z 0 [ERROR] Can't find error-message file '/user/share/mysql/errmsg.sys'. Check error-message file location and 'lc-messages-dir' configuration directive.
2017-09-07T01:52:19.327366Z 0 [Note] InnoDB: PUNCH HOLE support available
2017-09-07T01:52:19.327418Z 0 [Note] InnoDB: Mutexes and rw_locks use GCC atomic builtins
2017-09-07T01:52:19.327433Z 0 [Note] InnoDB: Uses event mutexes
2017-09-07T01:52:19.327445Z 0 [Note] InnoDB: GCC builtin __atomic_thread_fence() is used for memory barrier
2017-09-07T01:52:19.327455Z 0 [Note] InnoDB: Compressed tables use zlib 1.2.3
2017-09-07T01:52:19.327465Z 0 [Note] InnoDB: Using Linux native AIO
2017-09-07T01:52:19.327853Z 0 [Note] InnoDB: Number of pools: 1
2017-09-07T01:52:19.328007Z 0 [Note] InnoDB: Using CPU crc32 instructions
2017-09-07T01:52:19.738846Z 0 [Note] InnoDB: Initializing buffer pool, total size = 128M, instances = 1, chunk size = 128M
2017-09-07T01:52:19.751815Z 0 [Note] InnoDB: Completed initialization of buffer pool
2017-09-07T01:52:19.754886Z 0 [Note] InnoDB: If the mysqld execution user is authorized, page cleaner thread priority can be changed. See the man page of setpriority().
2017-09-07T01:52:21.683866Z 0 [Note] InnoDB: Highest supported file format is Barracuda.
2017-09-07T01:52:28.075596Z 0 [Note] InnoDB: Creating shared tablespace for temporary tables
2017-09-07T01:52:28.266109Z 0 [Note] InnoDB: Setting file './ibtmp1' size to 12 MB. Physically writing the file full; Please wait ...
2017-09-07T01:52:30.141437Z 0 [Note] InnoDB: File './ibtmp1' size is now 12 MB.
2017-09-07T01:52:30.682873Z 0 [Note] InnoDB: 96 redo rollback segment(s) found. 96 redo rollback segment(s) are active.
2017-09-07T01:52:30.682904Z 0 [Note] InnoDB: 32 non-redo rollback segment(s) are active.
2017-09-07T01:52:30.684070Z 0 [Note] InnoDB: 5.7.17 started; log sequence number 2536303
2017-09-07T01:52:30.684102Z 0 [Note] InnoDB: page_cleaner: 1000ms intended loop took 10930ms. The settings might not be optimal. (flushed=0 and evicted=0, during the time.)
2017-09-07T01:52:30.684885Z 0 [Note] InnoDB: Loading buffer pool(s) from /var/lib/mysql/ib_buffer_pool
2017-09-07T01:52:30.685508Z 0 [Note] Plugin 'FEDERATED' is disabled.
2017-09-07T01:52:34.167952Z 0 [Warning] unknown variable 'loose-group_replication_group_name=aaaaaaaa-aaaa-aaaa-aaaa-aaaaaaaaaaaa'
2017-09-07T01:52:34.510129Z 0 [Warning] unknown variable 'loose-group_replication_local_address=172.22.0.8:3303'
2017-09-07T01:52:34.510164Z 0 [Warning] unknown variable 'loose-group_replication_group_seeds=172.22.0.6:3301,172.22.0.7:3302,172.22.0.8:3303'
2017-09-07T01:52:34.510173Z 0 [Warning] unknown variable 'loose-group_replication_start_on_boot=off'
2017-09-07T01:52:34.510181Z 0 [Warning] unknown variable 'loose-group_replication_bootstrap_group=off'
2017-09-07T01:52:34.510188Z 0 [Warning] unknown variable 'loose-group_replication_single_primary_mode=FALSE'
2017-09-07T01:52:34.510195Z 0 [Warning] unknown variable 'loose-group_replication_enforce_update_everywhere_checks=TRUE'
2017-09-07T01:52:43.453074Z 0 [Warning] Failed to set up SSL because of the following SSL library error: SSL context is not usable without certificate and private key
2017-09-07T01:52:43.615577Z 0 [Note] Server hostname (bind-address): '*'; port: 3306
2017-09-07T01:52:43.615635Z 0 [Note] IPv6 is available.
2017-09-07T01:52:43.615657Z 0 [Note]   - '::' resolves to '::';
2017-09-07T01:52:43.615696Z 0 [Note] Server socket created on IP: '::'.
2017-09-07T01:52:44.878548Z 0 [Note] InnoDB: Buffer pool(s) load completed at 170907  1:52:44
2017-09-07T01:52:51.348616Z 0 [Note] Event Scheduler: Loaded 0 events
2017-09-07T01:52:51.348855Z 0 [Note] Executing 'SELECT * FROM INFORMATION_SCHEMA.TABLES;' to get a list of tables using the deprecated partition engine. You may use the startup option '--disable-partition-engine-check' to skip this check. 
2017-09-07T01:52:51.348879Z 0 [Note] Beginning of list of non-natively partitioned tables
2017-09-07T01:52:56.151131Z 0 [Note] End of list of non-natively partitioned tables
2017-09-07T01:52:56.151330Z 0 [Note] 
2017-09-07T01:53:08.676118Z 0 [Note] Giving 0 client threads a chance to die gracefully
2017-09-07T01:53:08.676235Z 0 [Note] Shutting down slave threads
2017-09-07T01:53:08.676246Z 0 [Note] Forcefully disconnecting 0 remaining clients
2017-09-07T01:53:08.676258Z 0 [Note] Event Scheduler: Purging the queue. 0 events
2017-09-07T01:53:08.676597Z 0 [Note] Binlog end
2017-09-07T01:53:09.687833Z 0 [Note] Shutting down plugin 'ngram'
2017-09-07T01:53:09.687874Z 0 [Note] Shutting down plugin 'partition'
2017-09-07T01:53:09.687884Z 0 [Note] Shutting down plugin 'BLACKHOLE'
2017-09-07T01:53:09.687894Z 0 [Note] Shutting down plugin 'ARCHIVE'
2017-09-07T01:53:09.687901Z 0 [Note] Shutting down plugin 'PERFORMANCE_SCHEMA'
2017-09-07T01:53:09.687943Z 0 [Note] Shutting down plugin 'MRG_MYISAM'
2017-09-07T01:53:09.687952Z 0 [Note] Shutting down plugin 'MyISAM'
2017-09-07T01:53:09.687971Z 0 [Note] Shutting down plugin 'INNODB_SYS_VIRTUAL'
2017-09-07T01:53:09.687980Z 0 [Note] Shutting down plugin 'INNODB_SYS_DATAFILES'
2017-09-07T01:53:09.687987Z 0 [Note] Shutting down plugin 'INNODB_SYS_TABLESPACES'
2017-09-07T01:53:09.688013Z 0 [Note] Shutting down plugin 'INNODB_SYS_FOREIGN_COLS'
2017-09-07T01:53:09.688021Z 0 [Note] Shutting down plugin 'INNODB_SYS_FOREIGN'
2017-09-07T01:53:09.688028Z 0 [Note] Shutting down plugin 'INNODB_SYS_FIELDS'
2017-09-07T01:53:09.688034Z 0 [Note] Shutting down plugin 'INNODB_SYS_COLUMNS'
2017-09-07T01:53:09.688041Z 0 [Note] Shutting down plugin 'INNODB_SYS_INDEXES'
2017-09-07T01:53:09.688047Z 0 [Note] Shutting down plugin 'INNODB_SYS_TABLESTATS'
2017-09-07T01:53:09.688054Z 0 [Note] Shutting down plugin 'INNODB_SYS_TABLES'
2017-09-07T01:53:09.688060Z 0 [Note] Shutting down plugin 'INNODB_FT_INDEX_TABLE'
2017-09-07T01:53:09.688067Z 0 [Note] Shutting down plugin 'INNODB_FT_INDEX_CACHE'
2017-09-07T01:53:09.688073Z 0 [Note] Shutting down plugin 'INNODB_FT_CONFIG'
2017-09-07T01:53:09.688079Z 0 [Note] Shutting down plugin 'INNODB_FT_BEING_DELETED'
2017-09-07T01:53:09.688086Z 0 [Note] Shutting down plugin 'INNODB_FT_DELETED'
2017-09-07T01:53:09.688092Z 0 [Note] Shutting down plugin 'INNODB_FT_DEFAULT_STOPWORD'
2017-09-07T01:53:09.688098Z 0 [Note] Shutting down plugin 'INNODB_METRICS'
2017-09-07T01:53:09.688104Z 0 [Note] Shutting down plugin 'INNODB_TEMP_TABLE_INFO'
2017-09-07T01:53:09.688111Z 0 [Note] Shutting down plugin 'INNODB_BUFFER_POOL_STATS'
2017-09-07T01:53:09.688117Z 0 [Note] Shutting down plugin 'INNODB_BUFFER_PAGE_LRU'
2017-09-07T01:53:09.688123Z 0 [Note] Shutting down plugin 'INNODB_BUFFER_PAGE'
2017-09-07T01:53:09.688129Z 0 [Note] Shutting down plugin 'INNODB_CMP_PER_INDEX_RESET'
2017-09-07T01:53:09.688136Z 0 [Note] Shutting down plugin 'INNODB_CMP_PER_INDEX'
2017-09-07T01:53:09.688142Z 0 [Note] Shutting down plugin 'INNODB_CMPMEM_RESET'
2017-09-07T01:53:09.688148Z 0 [Note] Shutting down plugin 'INNODB_CMPMEM'
2017-09-07T01:53:09.688154Z 0 [Note] Shutting down plugin 'INNODB_CMP_RESET'
2017-09-07T01:53:09.688161Z 0 [Note] Shutting down plugin 'INNODB_CMP'
2017-09-07T01:53:09.688167Z 0 [Note] Shutting down plugin 'INNODB_LOCK_WAITS'
2017-09-07T01:53:09.688174Z 0 [Note] Shutting down plugin 'INNODB_LOCKS'
2017-09-07T01:53:09.688180Z 0 [Note] Shutting down plugin 'INNODB_TRX'
2017-09-07T01:53:09.688187Z 0 [Note] Shutting down plugin 'InnoDB'
2017-09-07T01:53:09.688370Z 0 [Note] InnoDB: FTS optimize thread exiting.
2017-09-07T01:53:09.688533Z 0 [Note] InnoDB: Starting shutdown...
2017-09-07T01:53:09.788897Z 0 [Note] InnoDB: Dumping buffer pool(s) to /var/lib/mysql/ib_buffer_pool
2017-09-07T01:53:09.821657Z 0 [Note] InnoDB: Buffer pool(s) dump completed at 170907  1:53:09
2017-09-07T01:53:11.646208Z 0 [Note] InnoDB: Shutdown completed; log sequence number 2536331
2017-09-07T01:53:11.649298Z 0 [Note] InnoDB: Removed temporary tablespace data file: "ibtmp1"
2017-09-07T01:53:11.649332Z 0 [Note] Shutting down plugin 'MEMORY'
2017-09-07T01:53:11.649344Z 0 [Note] Shutting down plugin 'CSV'
2017-09-07T01:53:11.649353Z 0 [Note] Shutting down plugin 'sha256_password'
2017-09-07T01:53:11.649360Z 0 [Note] Shutting down plugin 'mysql_native_password'
2017-09-07T01:53:11.649601Z 0 [Note] Shutting down plugin 'binlog'
2017-09-07T01:53:11.650409Z 0 [Note] 
2017-09-07T06:23:55.623822Z 0 [Warning] TIMESTAMP with implicit DEFAULT value is deprecated. Please use --explicit_defaults_for_timestamp server option (see documentation for more details).
2017-09-07T06:23:55.623921Z 0 [Warning] 'NO_AUTO_CREATE_USER' sql mode was not set.
2017-09-07T06:23:55.626133Z 0 [Note] mysqld (mysqld 5.7.17-log) starting as process 1 ...
2017-09-07T06:23:55.626206Z 0 [ERROR] Can't find error-message file '/user/share/mysql/errmsg.sys'. Check error-message file location and 'lc-messages-dir' configuration directive.
2017-09-07T06:23:55.631557Z 0 [Note] InnoDB: PUNCH HOLE support available
2017-09-07T06:23:55.631615Z 0 [Note] InnoDB: Mutexes and rw_locks use GCC atomic builtins
2017-09-07T06:23:55.631628Z 0 [Note] InnoDB: Uses event mutexes
2017-09-07T06:23:55.631639Z 0 [Note] InnoDB: GCC builtin __atomic_thread_fence() is used for memory barrier
2017-09-07T06:23:55.631649Z 0 [Note] InnoDB: Compressed tables use zlib 1.2.3
2017-09-07T06:23:55.631692Z 0 [Note] InnoDB: Using Linux native AIO
2017-09-07T06:23:55.632100Z 0 [Note] InnoDB: Number of pools: 1
2017-09-07T06:23:55.632257Z 0 [Note] InnoDB: Using CPU crc32 instructions
2017-09-07T06:23:55.635294Z 0 [Note] InnoDB: Initializing buffer pool, total size = 128M, instances = 1, chunk size = 128M
2017-09-07T06:23:55.650147Z 0 [Note] InnoDB: Completed initialization of buffer pool
2017-09-07T06:23:55.653130Z 0 [Note] InnoDB: If the mysqld execution user is authorized, page cleaner thread priority can be changed. See the man page of setpriority().
2017-09-07T06:23:55.666725Z 0 [Note] InnoDB: Highest supported file format is Barracuda.
2017-09-07T06:23:55.729114Z 0 [Note] InnoDB: Creating shared tablespace for temporary tables
2017-09-07T06:23:55.729266Z 0 [Note] InnoDB: Setting file './ibtmp1' size to 12 MB. Physically writing the file full; Please wait ...
2017-09-07T06:23:55.887360Z 0 [Note] InnoDB: File './ibtmp1' size is now 12 MB.
2017-09-07T06:23:55.888995Z 0 [Note] InnoDB: 96 redo rollback segment(s) found. 96 redo rollback segment(s) are active.
2017-09-07T06:23:55.889024Z 0 [Note] InnoDB: 32 non-redo rollback segment(s) are active.
2017-09-07T06:23:55.890121Z 0 [Note] InnoDB: Waiting for purge to start
2017-09-07T06:23:55.940451Z 0 [Note] InnoDB: 5.7.17 started; log sequence number 2536331
2017-09-07T06:23:55.941371Z 0 [Note] InnoDB: Loading buffer pool(s) from /var/lib/mysql/ib_buffer_pool
2017-09-07T06:23:55.942196Z 0 [Note] Plugin 'FEDERATED' is disabled.
2017-09-07T06:23:55.944031Z 0 [Note] InnoDB: Buffer pool(s) load completed at 170907  6:23:55
2017-09-07T06:23:55.946815Z 0 [Warning] unknown variable 'loose-group_replication_group_name=aaaaaaaa-aaaa-aaaa-aaaa-aaaaaaaaaaaa'
2017-09-07T06:23:55.946849Z 0 [Warning] unknown variable 'loose-group_replication_local_address=172.22.0.8:3303'
2017-09-07T06:23:55.946858Z 0 [Warning] unknown variable 'loose-group_replication_group_seeds=172.22.0.6:3301,172.22.0.7:3302,172.22.0.8:3303'
2017-09-07T06:23:55.946865Z 0 [Warning] unknown variable 'loose-group_replication_start_on_boot=off'
2017-09-07T06:23:55.946872Z 0 [Warning] unknown variable 'loose-group_replication_bootstrap_group=off'
2017-09-07T06:23:55.946879Z 0 [Warning] unknown variable 'loose-group_replication_single_primary_mode=FALSE'
2017-09-07T06:23:55.946886Z 0 [Warning] unknown variable 'loose-group_replication_enforce_update_everywhere_checks=TRUE'
2017-09-07T06:23:56.210944Z 0 [Warning] Failed to set up SSL because of the following SSL library error: SSL context is not usable without certificate and private key
2017-09-07T06:23:56.211339Z 0 [Note] Server hostname (bind-address): '*'; port: 3306
2017-09-07T06:23:56.211398Z 0 [Note] IPv6 is available.
2017-09-07T06:23:56.211419Z 0 [Note]   - '::' resolves to '::';
2017-09-07T06:23:56.211459Z 0 [Note] Server socket created on IP: '::'.
2017-09-07T06:23:56.240379Z 0 [Note] Event Scheduler: Loaded 0 events
2017-09-07T06:23:56.240565Z 0 [Note] Executing 'SELECT * FROM INFORMATION_SCHEMA.TABLES;' to get a list of tables using the deprecated partition engine. You may use the startup option '--disable-partition-engine-check' to skip this check. 
2017-09-07T06:23:56.240585Z 0 [Note] Beginning of list of non-natively partitioned tables
2017-09-07T06:23:56.259342Z 0 [Note] End of list of non-natively partitioned tables
2017-09-07T06:23:56.259482Z 0 [Note] 
